# JRE version: OpenJDK Runtime Environment (8.0_152-b28) (build 1.8.0_152-release-1343-b28)
# Java VM: OpenJDK 64-Bit Server VM (25.152-b28 mixed mode linux-amd64 compressed oops)
Heap:
 par new generation   total 39296K, used 21205K [0x00000000d1200000, 0x00000000d3ca0000, 0x00000000e0c00000)
  eden space 34944K,  48% used [0x00000000d1200000, 0x00000000d2275458, 0x00000000d3420000)
  from space 4352K, 100% used [0x00000000d3420000, 0x00000000d3860000, 0x00000000d3860000)
  to   space 4352K,   0% used [0x00000000d3860000, 0x00000000d3860000, 0x00000000d3ca0000)
 concurrent mark-sweep generation total 185868K, used 141204K [0x00000000e0c00000, 0x00000000ec183000, 0x0000000100000000)
 Metaspace       used 162476K, capacity 171958K, committed 172292K, reserved 1200128K
  class space    used 20602K, capacity 22284K, committed 22372K, reserved 1048576K
GC Heap History (10 events):
Event: 3520.918 GC heap before
{Heap before GC invocations=59 (full 8):
 par new generation   total 39296K, used 38493K [0x00000000d1200000, 0x00000000d3ca0000, 0x00000000e0c00000)
  eden space 34944K, 100% used [0x00000000d1200000, 0x00000000d3420000, 0x00000000d3420000)
  from space 4352K,  81% used [0x00000000d3860000, 0x00000000d3bd7700, 0x00000000d3ca0000)
  to   space 4352K,   0% used [0x00000000d3420000, 0x00000000d3420000, 0x00000000d3860000)
 concurrent mark-sweep generation total 185868K, used 136978K [0x00000000e0c00000, 0x00000000ec183000, 0x0000000100000000)
 Metaspace       used 158859K, capacity 167834K, committed 167940K, reserved 1196032K
  class space    used 20152K, capacity 21754K, committed 21860K, reserved 1048576K
Event: 3520.926 GC heap after
Heap after GC invocations=60 (full 8):
 par new generation   total 39296K, used 2374K [0x00000000d1200000, 0x00000000d3ca0000, 0x00000000e0c00000)
  eden space 34944K,   0% used [0x00000000d1200000, 0x00000000d1200000, 0x00000000d3420000)
  from space 4352K,  54% used [0x00000000d3420000, 0x00000000d3671b90, 0x00000000d3860000)
  to   space 4352K,   0% used [0x00000000d3860000, 0x00000000d3860000, 0x00000000d3ca0000)
 concurrent mark-sweep generation total 185868K, used 138453K [0x00000000e0c00000, 0x00000000ec183000, 0x0000000100000000)
 Metaspace       used 158859K, capacity 167834K, committed 167940K, reserved 1196032K
  class space    used 20152K, capacity 21754K, committed 21860K, reserved 1048576K
}
Event: 3542.500 GC heap before
{Heap before GC invocations=60 (full 8):
 par new generation   total 39296K, used 37318K [0x00000000d1200000, 0x00000000d3ca0000, 0x00000000e0c00000)
  eden space 34944K, 100% used [0x00000000d1200000, 0x00000000d3420000, 0x00000000d3420000)
  from space 4352K,  54% used [0x00000000d3420000, 0x00000000d3671b90, 0x00000000d3860000)
  to   space 4352K,   0% used [0x00000000d3860000, 0x00000000d3860000, 0x00000000d3ca0000)
 concurrent mark-sweep generation total 185868K, used 138453K [0x00000000e0c00000, 0x00000000ec183000, 0x0000000100000000)
 Metaspace       used 159052K, capacity 168116K, committed 168452K, reserved 1196032K
  class space    used 20160K, capacity 21769K, committed 21860K, reserved 1048576K
Event: 3542.512 GC heap after
Heap after GC invocations=61 (full 8):
 par new generation   total 39296K, used 2641K [0x00000000d1200000, 0x00000000d3ca0000, 0x00000000e0c00000)
  eden space 34944K,   0% used [0x00000000d1200000, 0x00000000d1200000, 0x00000000d3420000)
  from space 4352K,  60% used [0x00000000d3860000, 0x00000000d3af4610, 0x00000000d3ca0000)
  to   space 4352K,   0% used [0x00000000d3420000, 0x00000000d3420000, 0x00000000d3860000)
 concurrent mark-sweep generation total 185868K, used 138453K [0x00000000e0c00000, 0x00000000ec183000, 0x0000000100000000)
 Metaspace       used 159052K, capacity 168116K, committed 168452K, reserved 1196032K
  class space    used 20160K, capacity 21769K, committed 21860K, reserved 1048576K
}
Event: 3980.811 GC heap before
{Heap before GC invocations=61 (full 8):
 par new generation   total 39296K, used 37583K [0x00000000d1200000, 0x00000000d3ca0000, 0x00000000e0c00000)
  eden space 34944K,  99% used [0x00000000d1200000, 0x00000000d341f870, 0x00000000d3420000)
  from space 4352K,  60% used [0x00000000d3860000, 0x00000000d3af4610, 0x00000000d3ca0000)
  to   space 4352K,   0% used [0x00000000d3420000, 0x00000000d3420000, 0x00000000d3860000)
 concurrent mark-sweep generation total 185868K, used 138453K [0x00000000e0c00000, 0x00000000ec183000, 0x0000000100000000)
 Metaspace       used 159172K, capacity 168318K, committed 168452K, reserved 1196032K
  class space    used 20172K, capacity 21790K, committed 21860K, reserved 1048576K
Event: 3980.817 GC heap after
Heap after GC invocations=62 (full 8):
 par new generation   total 39296K, used 2600K [0x00000000d1200000, 0x00000000d3ca0000, 0x00000000e0c00000)
  eden space 34944K,   0% used [0x00000000d1200000, 0x00000000d1200000, 0x00000000d3420000)
  from space 4352K,  59% used [0x00000000d3420000, 0x00000000d36aa048, 0x00000000d3860000)
  to   space 4352K,   0% used [0x00000000d3860000, 0x00000000d3860000, 0x00000000d3ca0000)
 concurrent mark-sweep generation total 185868K, used 138876K [0x00000000e0c00000, 0x00000000ec183000, 0x0000000100000000)
 Metaspace       used 159172K, capacity 168318K, committed 168452K, reserved 1196032K
  class space    used 20172K, capacity 21790K, committed 21860K, reserved 1048576K
}
Event: 7539.725 GC heap before
{Heap before GC invocations=62 (full 8):
 par new generation   total 39296K, used 37544K [0x00000000d1200000, 0x00000000d3ca0000, 0x00000000e0c00000)
  eden space 34944K, 100% used [0x00000000d1200000, 0x00000000d3420000, 0x00000000d3420000)
  from space 4352K,  59% used [0x00000000d3420000, 0x00000000d36aa048, 0x00000000d3860000)
  to   space 4352K,   0% used [0x00000000d3860000, 0x00000000d3860000, 0x00000000d3ca0000)
 concurrent mark-sweep generation total 185868K, used 138876K [0x00000000e0c00000, 0x00000000ec183000, 0x0000000100000000)
 Metaspace       used 160287K, capacity 169544K, committed 169604K, reserved 1198080K
  class space    used 20313K, capacity 21986K, committed 21988K, reserved 1048576K
Event: 7539.729 GC heap after
Heap after GC invocations=63 (full 8):
 par new generation   total 39296K, used 3655K [0x00000000d1200000, 0x00000000d3ca0000, 0x00000000e0c00000)
  eden space 34944K,   0% used [0x00000000d1200000, 0x00000000d1200000, 0x00000000d3420000)
  from space 4352K,  84% used [0x00000000d3860000, 0x00000000d3bf1f18, 0x00000000d3ca0000)
  to   space 4352K,   0% used [0x00000000d3420000, 0x00000000d3420000, 0x00000000d3860000)
 concurrent mark-sweep generation total 185868K, used 138876K [0x00000000e0c00000, 0x00000000ec183000, 0x0000000100000000)
 Metaspace       used 160287K, capacity 169544K, committed 169604K, reserved 1198080K
  class space    used 20313K, capacity 21986K, committed 21988K, reserved 1048576K
}
Event: 7553.193 GC heap before
{Heap before GC invocations=63 (full 8):
 par new generation   total 39296K, used 38599K [0x00000000d1200000, 0x00000000d3ca0000, 0x00000000e0c00000)
  eden space 34944K, 100% used [0x00000000d1200000, 0x00000000d3420000, 0x00000000d3420000)
  from space 4352K,  84% used [0x00000000d3860000, 0x00000000d3bf1f18, 0x00000000d3ca0000)
  to   space 4352K,   0% used [0x00000000d3420000, 0x00000000d3420000, 0x00000000d3860000)
 concurrent mark-sweep generation total 185868K, used 138876K [0x00000000e0c00000, 0x00000000ec183000, 0x0000000100000000)
 Metaspace       used 162440K, capacity 171948K, committed 172292K, reserved 1200128K
  class space    used 20600K, capacity 22281K, committed 22372K, reserved 1048576K
Event: 7553.203 GC heap after
Heap after GC invocations=64 (full 8):
 par new generation   total 39296K, used 4352K [0x00000000d1200000, 0x00000000d3ca0000, 0x00000000e0c00000)
  eden space 34944K,   0% used [0x00000000d1200000, 0x00000000d1200000, 0x00000000d3420000)
  from space 4352K, 100% used [0x00000000d3420000, 0x00000000d3860000, 0x00000000d3860000)
  to   space 4352K,   0% used [0x00000000d3860000, 0x00000000d3860000, 0x00000000d3ca0000)
 concurrent mark-sweep generation total 185868K, used 141204K [0x00000000e0c00000, 0x00000000ec183000, 0x0000000100000000)
 Metaspace       used 162440K, capacity 171948K, committed 172292K, reserved 1200128K
  class space    used 20600K, capacity 22281K, committed 22372K, reserved 1048576K
}

