# JRE version: OpenJDK Runtime Environment (8.0_152-b28) (build 1.8.0_152-release-1343-b28)
# Java VM: OpenJDK 64-Bit Server VM (25.152-b28 mixed mode linux-amd64 compressed oops)
Heap:
 par new generation   total 39296K, used 33614K [0x00000000d1200000, 0x00000000d3ca0000, 0x00000000e0c00000)
  eden space 34944K,  91% used [0x00000000d1200000, 0x00000000d31523f0, 0x00000000d3420000)
  from space 4352K,  35% used [0x00000000d3420000, 0x00000000d35a15d0, 0x00000000d3860000)
  to   space 4352K,   0% used [0x00000000d3860000, 0x00000000d3860000, 0x00000000d3ca0000)
 concurrent mark-sweep generation total 136064K, used 81636K [0x00000000e0c00000, 0x00000000e90e0000, 0x0000000100000000)
 Metaspace       used 130035K, capacity 136312K, committed 136476K, reserved 1167360K
  class space    used 16909K, capacity 18091K, committed 18128K, reserved 1048576K
GC Heap History (10 events):
Event: 49.885 GC heap before
{Heap before GC invocations=21 (full 5):
 par new generation   total 39296K, used 39296K [0x00000000d1200000, 0x00000000d3ca0000, 0x00000000e0c00000)
  eden space 34944K, 100% used [0x00000000d1200000, 0x00000000d3420000, 0x00000000d3420000)
  from space 4352K, 100% used [0x00000000d3860000, 0x00000000d3ca0000, 0x00000000d3ca0000)
  to   space 4352K,   0% used [0x00000000d3420000, 0x00000000d3420000, 0x00000000d3860000)
 concurrent mark-sweep generation total 97640K, used 61506K [0x00000000e0c00000, 0x00000000e6b5a000, 0x0000000100000000)
 Metaspace       used 126411K, capacity 132416K, committed 132636K, reserved 1165312K
  class space    used 16674K, capacity 17853K, committed 17872K, reserved 1048576K
Event: 49.901 GC heap after
Heap after GC invocations=22 (full 5):
 par new generation   total 39296K, used 4352K [0x00000000d1200000, 0x00000000d3ca0000, 0x00000000e0c00000)
  eden space 34944K,   0% used [0x00000000d1200000, 0x00000000d1200000, 0x00000000d3420000)
  from space 4352K, 100% used [0x00000000d3420000, 0x00000000d3860000, 0x00000000d3860000)
  to   space 4352K,   0% used [0x00000000d3860000, 0x00000000d3860000, 0x00000000d3ca0000)
 concurrent mark-sweep generation total 97640K, used 66260K [0x00000000e0c00000, 0x00000000e6b5a000, 0x0000000100000000)
 Metaspace       used 126411K, capacity 132416K, committed 132636K, reserved 1165312K
  class space    used 16674K, capacity 17853K, committed 17872K, reserved 1048576K
}
Event: 50.754 GC heap before
{Heap before GC invocations=22 (full 5):
 par new generation   total 39296K, used 39296K [0x00000000d1200000, 0x00000000d3ca0000, 0x00000000e0c00000)
  eden space 34944K, 100% used [0x00000000d1200000, 0x00000000d3420000, 0x00000000d3420000)
  from space 4352K, 100% used [0x00000000d3420000, 0x00000000d3860000, 0x00000000d3860000)
  to   space 4352K,   0% used [0x00000000d3860000, 0x00000000d3860000, 0x00000000d3ca0000)
 concurrent mark-sweep generation total 97640K, used 66260K [0x00000000e0c00000, 0x00000000e6b5a000, 0x0000000100000000)
 Metaspace       used 127101K, capacity 133150K, committed 133404K, reserved 1165312K
  class space    used 16695K, capacity 17870K, committed 17872K, reserved 1048576K
Event: 50.794 GC heap after
Heap after GC invocations=23 (full 5):
 par new generation   total 39296K, used 4352K [0x00000000d1200000, 0x00000000d3ca0000, 0x00000000e0c00000)
  eden space 34944K,   0% used [0x00000000d1200000, 0x00000000d1200000, 0x00000000d3420000)
  from space 4352K, 100% used [0x00000000d3860000, 0x00000000d3ca0000, 0x00000000d3ca0000)
  to   space 4352K,   0% used [0x00000000d3420000, 0x00000000d3420000, 0x00000000d3860000)
 concurrent mark-sweep generation total 97640K, used 79455K [0x00000000e0c00000, 0x00000000e6b5a000, 0x0000000100000000)
 Metaspace       used 127101K, capacity 133150K, committed 133404K, reserved 1165312K
  class space    used 16695K, capacity 17870K, committed 17872K, reserved 1048576K
}
Event: 52.783 GC heap before
{Heap before GC invocations=23 (full 6):
 par new generation   total 39296K, used 39296K [0x00000000d1200000, 0x00000000d3ca0000, 0x00000000e0c00000)
  eden space 34944K, 100% used [0x00000000d1200000, 0x00000000d3420000, 0x00000000d3420000)
  from space 4352K, 100% used [0x00000000d3860000, 0x00000000d3ca0000, 0x00000000d3ca0000)
  to   space 4352K,   0% used [0x00000000d3420000, 0x00000000d3420000, 0x00000000d3860000)
 concurrent mark-sweep generation total 97640K, used 79455K [0x00000000e0c00000, 0x00000000e6b5a000, 0x0000000100000000)
 Metaspace       used 128318K, capacity 134548K, committed 134812K, reserved 1167360K
  class space    used 16788K, capacity 17969K, committed 18000K, reserved 1048576K
Event: 52.800 GC heap after
Heap after GC invocations=24 (full 6):
 par new generation   total 39296K, used 3382K [0x00000000d1200000, 0x00000000d3ca0000, 0x00000000e0c00000)
  eden space 34944K,   0% used [0x00000000d1200000, 0x00000000d1200000, 0x00000000d3420000)
  from space 4352K,  77% used [0x00000000d3420000, 0x00000000d376da58, 0x00000000d3860000)
  to   space 4352K,   0% used [0x00000000d3860000, 0x00000000d3860000, 0x00000000d3ca0000)
 concurrent mark-sweep generation total 97640K, used 83639K [0x00000000e0c00000, 0x00000000e6b5a000, 0x0000000100000000)
 Metaspace       used 128318K, capacity 134548K, committed 134812K, reserved 1167360K
  class space    used 16788K, capacity 17969K, committed 18000K, reserved 1048576K
}
Event: 54.691 GC heap before
{Heap before GC invocations=24 (full 6):
 par new generation   total 39296K, used 38326K [0x00000000d1200000, 0x00000000d3ca0000, 0x00000000e0c00000)
  eden space 34944K, 100% used [0x00000000d1200000, 0x00000000d3420000, 0x00000000d3420000)
  from space 4352K,  77% used [0x00000000d3420000, 0x00000000d376da58, 0x00000000d3860000)
  to   space 4352K,   0% used [0x00000000d3860000, 0x00000000d3860000, 0x00000000d3ca0000)
 concurrent mark-sweep generation total 136064K, used 81636K [0x00000000e0c00000, 0x00000000e90e0000, 0x0000000100000000)
 Metaspace       used 128621K, capacity 134784K, committed 135068K, reserved 1167360K
  class space    used 16784K, capacity 17961K, committed 18000K, reserved 1048576K
Event: 54.698 GC heap after
Heap after GC invocations=25 (full 6):
 par new generation   total 39296K, used 2028K [0x00000000d1200000, 0x00000000d3ca0000, 0x00000000e0c00000)
  eden space 34944K,   0% used [0x00000000d1200000, 0x00000000d1200000, 0x00000000d3420000)
  from space 4352K,  46% used [0x00000000d3860000, 0x00000000d3a5b088, 0x00000000d3ca0000)
  to   space 4352K,   0% used [0x00000000d3420000, 0x00000000d3420000, 0x00000000d3860000)
 concurrent mark-sweep generation total 136064K, used 81636K [0x00000000e0c00000, 0x00000000e90e0000, 0x0000000100000000)
 Metaspace       used 128621K, capacity 134784K, committed 135068K, reserved 1167360K
  class space    used 16784K, capacity 17961K, committed 18000K, reserved 1048576K
}
Event: 56.133 GC heap before
{Heap before GC invocations=25 (full 6):
 par new generation   total 39296K, used 36972K [0x00000000d1200000, 0x00000000d3ca0000, 0x00000000e0c00000)
  eden space 34944K, 100% used [0x00000000d1200000, 0x00000000d3420000, 0x00000000d3420000)
  from space 4352K,  46% used [0x00000000d3860000, 0x00000000d3a5b088, 0x00000000d3ca0000)
  to   space 4352K,   0% used [0x00000000d3420000, 0x00000000d3420000, 0x00000000d3860000)
 concurrent mark-sweep generation total 136064K, used 81636K [0x00000000e0c00000, 0x00000000e90e0000, 0x0000000100000000)
 Metaspace       used 128819K, capacity 135042K, committed 135452K, reserved 1167360K
  class space    used 16802K, capacity 18004K, committed 18128K, reserved 1048576K
Event: 56.140 GC heap after
Heap after GC invocations=26 (full 6):
 par new generation   total 39296K, used 1541K [0x00000000d1200000, 0x00000000d3ca0000, 0x00000000e0c00000)
  eden space 34944K,   0% used [0x00000000d1200000, 0x00000000d1200000, 0x00000000d3420000)
  from space 4352K,  35% used [0x00000000d3420000, 0x00000000d35a15d0, 0x00000000d3860000)
  to   space 4352K,   0% used [0x00000000d3860000, 0x00000000d3860000, 0x00000000d3ca0000)
 concurrent mark-sweep generation total 136064K, used 81636K [0x00000000e0c00000, 0x00000000e90e0000, 0x0000000100000000)
 Metaspace       used 128819K, capacity 135042K, committed 135452K, reserved 1167360K
  class space    used 16802K, capacity 18004K, committed 18128K, reserved 1048576K
}

